<?xml version="1.0" encoding="UTF-8"?>
<!-- Generated by org.testng.reporters.JUnitXMLReporter -->
<testsuite ignored="0" hostname="CTAADPG038QXK" failures="1" tests="3" name="Test" time="144.058" errors="0" timestamp="2023-03-13T15:10:01 IST">
  <testcase classname="TaskPackage.SingleBrowser" name="test1" time="0.203"/>
  <testcase classname="TaskPackage.SingleBrowser" name="test2" time="4.466">
    <failure type="org.openqa.selenium.ElementClickInterceptedException" message="element click intercepted: Element &amp;lt;input id=&amp;quot;btnTravelAdd&amp;quot; class=&amp;quot;submit&amp;quot; onclick=&amp;quot;javascript: return AddTravelClick();&amp;quot; type=&amp;quot;button&amp;quot; value=&amp;quot;Add&amp;quot; validationgroup=&amp;quot;vgTravel&amp;quot; tabindex=&amp;quot;131&amp;quot;&amp;gt; is not clickable at point (571, 351). Other element would receive the click: &amp;lt;div id=&amp;quot;divPopUpMask&amp;quot; style=&amp;quot;border: 0px; position: absolute; left: 0px; top: 0px; width: 100%; height: 1647px; z-index: 300;&amp;quot; class=&amp;quot;PopUpModalDIV&amp;quot;&amp;gt;...&amp;lt;/div&amp;gt;
  (Session info: MicrosoftEdge=110.0.1587.63)
Build info: version: &amp;apos;4.6.0&amp;apos;, revision: &amp;apos;79f1c02ae20&amp;apos;
System info: os.name: &amp;apos;Windows 10&amp;apos;, os.arch: &amp;apos;amd64&amp;apos;, os.version: &amp;apos;10.0&amp;apos;, java.version: &amp;apos;17.0.2&amp;apos;
Driver info: org.openqa.selenium.edge.EdgeDriver
Command: [8f75949e91a40ce4898c936b20153b10, clickElement {id=de6a72bc-16b2-454b-9357-0b15bd6971ba}]
Capabilities {acceptInsecureCerts: false, browserName: msedge, browserVersion: 110.0.1587.63, ms:edgeOptions: {debuggerAddress: localhost:50780}, msedge: {msedgedriverVersion: 110.0.1587.69 (f970cc122bfe..., userDataDir: C:\Users\ABHIJE~1\AppData\L...}, networkConnectionEnabled: false, pageLoadStrategy: normal, platformName: WINDOWS, proxy: Proxy(), se:cdp: ws://localhost:50780/devtoo..., se:cdpVersion: 110.0.1587.63, setWindowRect: true, strictFileInteractability: false, timeouts: {implicit: 0, pageLoad: 300000, script: 30000}, unhandledPromptBehavior: dismiss and notify, webauthn:extension:credBlob: true, webauthn:extension:largeBlob: true, webauthn:virtualAuthenticators: true}
Element: [[EdgeDriver: msedge on WINDOWS (8f75949e91a40ce4898c936b20153b10)] -&amp;gt; xpath: //input[@id=&amp;apos;btnTravelAdd&amp;apos;]]
Session ID: 8f75949e91a40ce4898c936b20153b10">
      <![CDATA[org.openqa.selenium.ElementClickInterceptedException: element click intercepted: Element <input id="btnTravelAdd" class="submit" onclick="javascript: return AddTravelClick();" type="button" value="Add" validationgroup="vgTravel" tabindex="131"> is not clickable at point (571, 351). Other element would receive the click: <div id="divPopUpMask" style="border: 0px; position: absolute; left: 0px; top: 0px; width: 100%; height: 1647px; z-index: 300;" class="PopUpModalDIV">...</div>
  (Session info: MicrosoftEdge=110.0.1587.63)
Build info: version: '4.6.0', revision: '79f1c02ae20'
System info: os.name: 'Windows 10', os.arch: 'amd64', os.version: '10.0', java.version: '17.0.2'
Driver info: org.openqa.selenium.edge.EdgeDriver
Command: [8f75949e91a40ce4898c936b20153b10, clickElement {id=de6a72bc-16b2-454b-9357-0b15bd6971ba}]
Capabilities {acceptInsecureCerts: false, browserName: msedge, browserVersion: 110.0.1587.63, ms:edgeOptions: {debuggerAddress: localhost:50780}, msedge: {msedgedriverVersion: 110.0.1587.69 (f970cc122bfe..., userDataDir: C:\Users\ABHIJE~1\AppData\L...}, networkConnectionEnabled: false, pageLoadStrategy: normal, platformName: WINDOWS, proxy: Proxy(), se:cdp: ws://localhost:50780/devtoo..., se:cdpVersion: 110.0.1587.63, setWindowRect: true, strictFileInteractability: false, timeouts: {implicit: 0, pageLoad: 300000, script: 30000}, unhandledPromptBehavior: dismiss and notify, webauthn:extension:credBlob: true, webauthn:extension:largeBlob: true, webauthn:virtualAuthenticators: true}
Element: [[EdgeDriver: msedge on WINDOWS (8f75949e91a40ce4898c936b20153b10)] -> xpath: //input[@id='btnTravelAdd']]
Session ID: 8f75949e91a40ce4898c936b20153b10
at org.openqa.selenium.remote.codec.w3c.W3CHttpResponseCodec.createException(W3CHttpResponseCodec.java:200)
at org.openqa.selenium.remote.codec.w3c.W3CHttpResponseCodec.decode(W3CHttpResponseCodec.java:133)
at org.openqa.selenium.remote.codec.w3c.W3CHttpResponseCodec.decode(W3CHttpResponseCodec.java:53)
at org.openqa.selenium.remote.HttpCommandExecutor.execute(HttpCommandExecutor.java:184)
at org.openqa.selenium.remote.service.DriverCommandExecutor.invokeExecute(DriverCommandExecutor.java:167)
at org.openqa.selenium.remote.service.DriverCommandExecutor.execute(DriverCommandExecutor.java:142)
at org.openqa.selenium.remote.RemoteWebDriver.execute(RemoteWebDriver.java:541)
at org.openqa.selenium.remote.RemoteWebElement.execute(RemoteWebElement.java:257)
at org.openqa.selenium.remote.RemoteWebElement.click(RemoteWebElement.java:78)
at org.openqa.selenium.support.pagefactory.internal.LocatingElementHandler.invoke(LocatingElementHandler.java:52)
at jdk.proxy2/jdk.proxy2.$Proxy16.click(Unknown Source)
at TaskMainPackage.Page6.adddata(Page6.java:64)
at TaskPackage.SingleBrowser.test2(SingleBrowser.java:115)
at java.base/java.util.ArrayList.forEach(ArrayList.java:1511)
... Removed 36 stack frames]]>
    </failure>
  </testcase> <!-- test2 -->
  <testcase classname="TaskPackage.SingleBrowser" name="test3" time="0.0">
    <skipped/>
  </testcase> <!-- test3 -->
</testsuite> <!-- Test -->
